env_V0.31/app/build/intermediates/manifest_merge_blame_file/debug/manifest-merger-blame-debug-report.txt
1<?xml version="1.0" encoding="utf-8"?>
2<manifest xmlns:android="http://schemas.android.com/apk/res/android"
3    package="com.example.env"
4    android:versionCode="1"
5    android:versionName="1.0" >
6
7    <uses-sdk
8        android:minSdkVersion="16"
8-->src/main/AndroidManifest.xml
9        android:targetSdkVersion="29" />
9-->src/main/AndroidManifest.xml
10
11    <uses-permission android:name="android.permission.INTERNET" />
11-->src/main/AndroidManifest.xml:5:5-67
11-->src/main/AndroidManifest.xml:5:22-64
12
13    <!-- Although the *SdkVersion is captured in gradle build files, this is required for non gradle builds -->
14    <!-- <uses-sdk android:minSdkVersion="14" /> -->
15    <uses-permission android:name="android.permission.ACCESS_NETWORK_STATE" />
15-->[com.google.firebase:firebase-firestore:21.4.1] AndroidManifest.xml:13:5-79
15-->[com.google.firebase:firebase-firestore:21.4.1] AndroidManifest.xml:13:22-76
16    <uses-permission android:name="android.permission.WAKE_LOCK" /> <!-- Required by older versions of Google Play services to create IID tokens -->
16-->[com.google.android.gms:play-services-measurement-api:17.2.3] AndroidManifest.xml:24:5-68
16-->[com.google.android.gms:play-services-measurement-api:17.2.3] AndroidManifest.xml:24:22-65
17    <uses-permission android:name="com.google.android.c2dm.permission.RECEIVE" />
17-->[com.google.firebase:firebase-iid:20.0.2] AndroidManifest.xml:26:5-82
17-->[com.google.firebase:firebase-iid:20.0.2] AndroidManifest.xml:26:22-79
18    <uses-permission android:name="com.google.android.finsky.permission.BIND_GET_INSTALL_REFERRER_SERVICE" />
18-->[com.google.android.gms:play-services-measurement:17.2.3] AndroidManifest.xml:26:5-110
18-->[com.google.android.gms:play-services-measurement:17.2.3] AndroidManifest.xml:26:22-107
19
20    <application
20-->src/main/AndroidManifest.xml:7:5-42:19
21        android:name="androidx.multidex.MultiDexApplication"
22        android:allowBackup="true"
22-->src/main/AndroidManifest.xml:8:9-35
23        android:appComponentFactory="androidx.core.app.CoreComponentFactory"
23-->[androidx.core:core:1.0.1] AndroidManifest.xml:22:18-86
24        android:debuggable="true"
25        android:icon="@mipmap/ic_launcher"
25-->src/main/AndroidManifest.xml:9:9-43
26        android:label="@string/app_name"
26-->src/main/AndroidManifest.xml:10:9-41
27        android:roundIcon="@mipmap/ic_launcher_round"
27-->src/main/AndroidManifest.xml:11:9-54
28        android:supportsRtl="true"
28-->src/main/AndroidManifest.xml:12:9-35
29        android:testOnly="true"
30        android:theme="@style/AppTheme" >
30-->src/main/AndroidManifest.xml:13:9-40
31        <activity android:name="com.example.env.ui.dashboard.ViewOtherListing" />
31-->src/main/AndroidManifest.xml:14:9-76
31-->src/main/AndroidManifest.xml:14:19-64
32        <activity
32-->src/main/AndroidManifest.xml:15:9-18:59
33            android:name="com.example.env.ui.home.EditListing"
33-->src/main/AndroidManifest.xml:16:13-48
34            android:label="@string/title_activity_edit_listing"
34-->src/main/AndroidManifest.xml:17:13-64
35            android:theme="@style/AppTheme.NoActionBar" />
35-->src/main/AndroidManifest.xml:18:13-56
36        <activity
36-->src/main/AndroidManifest.xml:19:9-22:59
37            android:name="com.example.env.ui.home.ViewOwnListing"
37-->src/main/AndroidManifest.xml:20:13-51
38            android:label="@string/title_activity_view_own_listing"
38-->src/main/AndroidManifest.xml:21:13-68
39            android:theme="@style/AppTheme.NoActionBar" />
39-->src/main/AndroidManifest.xml:22:13-56
40        <activity
40-->src/main/AndroidManifest.xml:23:9-31:20
41            android:name="com.example.env.AddListing"
41-->src/main/AndroidManifest.xml:24:13-39
42            android:label="@string/title_activity_add_listing"
42-->src/main/AndroidManifest.xml:25:13-63
43            android:parentActivityName="com.example.env.MainActivity"
43-->src/main/AndroidManifest.xml:26:13-55
44            android:theme="@style/AppTheme.NoActionBar" >
44-->src/main/AndroidManifest.xml:27:13-56
45            <meta-data
45-->src/main/AndroidManifest.xml:28:13-30:64
46                android:name="android.support.PARENT_ACTIVITY"
46-->src/main/AndroidManifest.xml:29:17-63
47                android:value="com.example.env.MainActivity" />
47-->src/main/AndroidManifest.xml:30:17-61
48        </activity>
49        <activity android:name="com.example.env.MainActivity" />
49-->src/main/AndroidManifest.xml:32:9-50
49-->src/main/AndroidManifest.xml:32:19-47
50        <activity
50-->src/main/AndroidManifest.xml:33:9-41:20
51            android:name="com.example.env.LoginActivity"
51-->src/main/AndroidManifest.xml:34:13-42
52            android:label="@string/app_name" >
52-->src/main/AndroidManifest.xml:35:13-45
53            <intent-filter>
53-->src/main/AndroidManifest.xml:36:13-40:29
54                <action android:name="android.intent.action.MAIN" />
54-->src/main/AndroidManifest.xml:37:17-69
54-->src/main/AndroidManifest.xml:37:25-66
55
56                <category android:name="android.intent.category.LAUNCHER" />
56-->src/main/AndroidManifest.xml:39:17-77
56-->src/main/AndroidManifest.xml:39:27-74
57            </intent-filter>
58        </activity>
59        <activity
59-->[com.google.firebase:firebase-auth:19.2.0] AndroidManifest.xml:24:9-31:50
60            android:name="com.google.firebase.auth.internal.FederatedSignInActivity"
60-->[com.google.firebase:firebase-auth:19.2.0] AndroidManifest.xml:25:13-85
61            android:excludeFromRecents="true"
61-->[com.google.firebase:firebase-auth:19.2.0] AndroidManifest.xml:26:13-46
62            android:exported="true"
62-->[com.google.firebase:firebase-auth:19.2.0] AndroidManifest.xml:27:13-36
63            android:launchMode="singleTask"
63-->[com.google.firebase:firebase-auth:19.2.0] AndroidManifest.xml:28:13-44
64            android:permission="com.google.firebase.auth.api.gms.permission.LAUNCH_FEDERATED_SIGN_IN"
64-->[com.google.firebase:firebase-auth:19.2.0] AndroidManifest.xml:29:13-102
65            android:theme="@android:style/Theme.Translucent.NoTitleBar" />
65-->[com.google.firebase:firebase-auth:19.2.0] AndroidManifest.xml:30:13-72
66
67        <service
67-->[com.google.firebase:firebase-auth:19.2.0] AndroidManifest.xml:33:9-39:19
68            android:name="com.google.firebase.components.ComponentDiscoveryService"
68-->[com.google.firebase:firebase-auth:19.2.0] AndroidManifest.xml:34:13-84
69            android:directBootAware="true"
69-->[com.google.firebase:firebase-common:19.3.0] AndroidManifest.xml:34:13-43
70            android:exported="false" >
70-->[com.google.firebase:firebase-auth:19.2.0] AndroidManifest.xml:35:13-37
71            <meta-data
71-->[com.google.firebase:firebase-auth:19.2.0] AndroidManifest.xml:36:13-38:85
72                android:name="com.google.firebase.components:com.google.firebase.auth.FirebaseAuthRegistrar"
72-->[com.google.firebase:firebase-auth:19.2.0] AndroidManifest.xml:37:17-109
73                android:value="com.google.firebase.components.ComponentRegistrar" />
73-->[com.google.firebase:firebase-auth:19.2.0] AndroidManifest.xml:38:17-82
74            <meta-data
74-->[com.google.firebase:firebase-firestore:21.4.1] AndroidManifest.xml:20:13-22:85
75                android:name="com.google.firebase.components:com.google.firebase.firestore.FirestoreRegistrar"
75-->[com.google.firebase:firebase-firestore:21.4.1] AndroidManifest.xml:21:17-111
76                android:value="com.google.firebase.components.ComponentRegistrar" />
76-->[com.google.firebase:firebase-firestore:21.4.1] AndroidManifest.xml:22:17-82
77            <meta-data
77-->[com.google.firebase:firebase-database:19.2.1] AndroidManifest.xml:32:13-34:85
78                android:name="com.google.firebase.components:com.google.firebase.database.DatabaseRegistrar"
78-->[com.google.firebase:firebase-database:19.2.1] AndroidManifest.xml:33:17-109
79                android:value="com.google.firebase.components.ComponentRegistrar" />
79-->[com.google.firebase:firebase-database:19.2.1] AndroidManifest.xml:34:17-82
80            <meta-data
80-->[com.google.android.gms:play-services-measurement-api:17.2.3] AndroidManifest.xml:30:13-32:85
81                android:name="com.google.firebase.components:com.google.firebase.analytics.connector.internal.AnalyticsConnectorRegistrar"
81-->[com.google.android.gms:play-services-measurement-api:17.2.3] AndroidManifest.xml:31:17-139
82                android:value="com.google.firebase.components.ComponentRegistrar" />
82-->[com.google.android.gms:play-services-measurement-api:17.2.3] AndroidManifest.xml:32:17-82
83            <meta-data
83-->[com.google.firebase:firebase-iid:20.0.2] AndroidManifest.xml:32:13-34:85
84                android:name="com.google.firebase.components:com.google.firebase.iid.Registrar"
84-->[com.google.firebase:firebase-iid:20.0.2] AndroidManifest.xml:33:17-96
85                android:value="com.google.firebase.components.ComponentRegistrar" />
85-->[com.google.firebase:firebase-iid:20.0.2] AndroidManifest.xml:34:17-82
86        </service>
87
88        <activity
88-->[com.google.android.gms:play-services-auth:17.0.0] AndroidManifest.xml:23:9-27:75
89            android:name="com.google.android.gms.auth.api.signin.internal.SignInHubActivity"
89-->[com.google.android.gms:play-services-auth:17.0.0] AndroidManifest.xml:24:13-93
90            android:excludeFromRecents="true"
90-->[com.google.android.gms:play-services-auth:17.0.0] AndroidManifest.xml:25:13-46
91            android:exported="false"
91-->[com.google.android.gms:play-services-auth:17.0.0] AndroidManifest.xml:26:13-37
92            android:theme="@android:style/Theme.Translucent.NoTitleBar" />
92-->[com.google.android.gms:play-services-auth:17.0.0] AndroidManifest.xml:27:13-72
93        <!--
94            Service handling Google Sign-In user revocation. For apps that do not integrate with
95            Google Sign-In, this service will never be started.
96        -->
97        <service
97-->[com.google.android.gms:play-services-auth:17.0.0] AndroidManifest.xml:33:9-36:110
98            android:name="com.google.android.gms.auth.api.signin.RevocationBoundService"
98-->[com.google.android.gms:play-services-auth:17.0.0] AndroidManifest.xml:34:13-89
99            android:exported="true"
99-->[com.google.android.gms:play-services-auth:17.0.0] AndroidManifest.xml:35:13-36
100            android:permission="com.google.android.gms.auth.api.signin.permission.REVOCATION_NOTIFICATION" />
100-->[com.google.android.gms:play-services-auth:17.0.0] AndroidManifest.xml:36:13-107
101
102        <receiver
102-->[com.google.firebase:firebase-iid:20.0.2] AndroidManifest.xml:37:9-44:20
103            android:name="com.google.firebase.iid.FirebaseInstanceIdReceiver"
103-->[com.google.firebase:firebase-iid:20.0.2] AndroidManifest.xml:38:13-78
104            android:exported="true"
104-->[com.google.firebase:firebase-iid:20.0.2] AndroidManifest.xml:39:13-36
105            android:permission="com.google.android.c2dm.permission.SEND" >
105-->[com.google.firebase:firebase-iid:20.0.2] AndroidManifest.xml:40:13-73
106            <intent-filter>
106-->[com.google.firebase:firebase-iid:20.0.2] AndroidManifest.xml:41:13-43:29
107                <action android:name="com.google.android.c2dm.intent.RECEIVE" />
107-->[com.google.firebase:firebase-iid:20.0.2] AndroidManifest.xml:42:17-81
107-->[com.google.firebase:firebase-iid:20.0.2] AndroidManifest.xml:42:25-78
108            </intent-filter>
109        </receiver>
110
111        <activity
111-->[com.google.android.gms:play-services-base:17.1.0] AndroidManifest.xml:23:9-26:75
112            android:name="com.google.android.gms.common.api.GoogleApiActivity"
112-->[com.google.android.gms:play-services-base:17.1.0] AndroidManifest.xml:24:13-79
113            android:exported="false"
113-->[com.google.android.gms:play-services-base:17.1.0] AndroidManifest.xml:25:13-37
114            android:theme="@android:style/Theme.Translucent.NoTitleBar" />
114-->[com.google.android.gms:play-services-base:17.1.0] AndroidManifest.xml:26:13-72
115
116        <provider
116-->[com.google.firebase:firebase-common:19.3.0] AndroidManifest.xml:26:9-30:39
117            android:name="com.google.firebase.provider.FirebaseInitProvider"
117-->[com.google.firebase:firebase-common:19.3.0] AndroidManifest.xml:27:13-77
118            android:authorities="com.example.env.firebaseinitprovider"
118-->[com.google.firebase:firebase-common:19.3.0] AndroidManifest.xml:28:13-72
119            android:exported="false"
119-->[com.google.firebase:firebase-common:19.3.0] AndroidManifest.xml:29:13-37
120            android:initOrder="100" />
120-->[com.google.firebase:firebase-common:19.3.0] AndroidManifest.xml:30:13-36
121
122        <receiver
122-->[com.google.android.gms:play-services-measurement:17.2.3] AndroidManifest.xml:29:9-33:20
123            android:name="com.google.android.gms.measurement.AppMeasurementReceiver"
123-->[com.google.android.gms:play-services-measurement:17.2.3] AndroidManifest.xml:30:13-85
124            android:enabled="true"
124-->[com.google.android.gms:play-services-measurement:17.2.3] AndroidManifest.xml:31:13-35
125            android:exported="false" >
125-->[com.google.android.gms:play-services-measurement:17.2.3] AndroidManifest.xml:32:13-37
126        </receiver>
127        <receiver
127-->[com.google.android.gms:play-services-measurement:17.2.3] AndroidManifest.xml:34:9-42:20
128            android:name="com.google.android.gms.measurement.AppMeasurementInstallReferrerReceiver"
128-->[com.google.android.gms:play-services-measurement:17.2.3] AndroidManifest.xml:35:13-100
129            android:enabled="true"
129-->[com.google.android.gms:play-services-measurement:17.2.3] AndroidManifest.xml:36:13-35
130            android:exported="true"
130-->[com.google.android.gms:play-services-measurement:17.2.3] AndroidManifest.xml:37:13-36
131            android:permission="android.permission.INSTALL_PACKAGES" >
131-->[com.google.android.gms:play-services-measurement:17.2.3] AndroidManifest.xml:38:13-69
132            <intent-filter>
132-->[com.google.android.gms:play-services-measurement:17.2.3] AndroidManifest.xml:39:13-41:29
133                <action android:name="com.android.vending.INSTALL_REFERRER" />
133-->[com.google.android.gms:play-services-measurement:17.2.3] AndroidManifest.xml:40:17-79
133-->[com.google.android.gms:play-services-measurement:17.2.3] AndroidManifest.xml:40:25-76
134            </intent-filter>
135        </receiver>
136
137        <service
137-->[com.google.android.gms:play-services-measurement:17.2.3] AndroidManifest.xml:44:9-47:40
138            android:name="com.google.android.gms.measurement.AppMeasurementService"
138-->[com.google.android.gms:play-services-measurement:17.2.3] AndroidManifest.xml:45:13-84
139            android:enabled="true"
139-->[com.google.android.gms:play-services-measurement:17.2.3] AndroidManifest.xml:46:13-35
140            android:exported="false" />
140-->[com.google.android.gms:play-services-measurement:17.2.3] AndroidManifest.xml:47:13-37
141        <service
141-->[com.google.android.gms:play-services-measurement:17.2.3] AndroidManifest.xml:48:9-52:72
142            android:name="com.google.android.gms.measurement.AppMeasurementJobService"
142-->[com.google.android.gms:play-services-measurement:17.2.3] AndroidManifest.xml:49:13-87
143            android:enabled="true"
143-->[com.google.android.gms:play-services-measurement:17.2.3] AndroidManifest.xml:50:13-35
144            android:exported="false"
144-->[com.google.android.gms:play-services-measurement:17.2.3] AndroidManifest.xml:51:13-37
145            android:permission="android.permission.BIND_JOB_SERVICE" />
145-->[com.google.android.gms:play-services-measurement:17.2.3] AndroidManifest.xml:52:13-69
146
147        <meta-data
147-->[com.google.android.gms:play-services-basement:17.0.0] AndroidManifest.xml:23:9-25:69
148            android:name="com.google.android.gms.version"
148-->[com.google.android.gms:play-services-basement:17.0.0] AndroidManifest.xml:24:13-58
149            android:value="@integer/google_play_services_version" />
149-->[com.google.android.gms:play-services-basement:17.0.0] AndroidManifest.xml:25:13-66
150
151        <provider
151-->[androidx.lifecycle:lifecycle-process:2.0.0] AndroidManifest.xml:23:9-27:43
152            android:name="androidx.lifecycle.ProcessLifecycleOwnerInitializer"
152-->[androidx.lifecycle:lifecycle-process:2.0.0] AndroidManifest.xml:24:13-79
153            android:authorities="com.example.env.lifecycle-process"
153-->[androidx.lifecycle:lifecycle-process:2.0.0] AndroidManifest.xml:25:13-69
154            android:exported="false"
154-->[androidx.lifecycle:lifecycle-process:2.0.0] AndroidManifest.xml:26:13-37
155            android:multiprocess="true" />
155-->[androidx.lifecycle:lifecycle-process:2.0.0] AndroidManifest.xml:27:13-40
156    </application>
157
158</manifest>